{
  "stats": {
    "suites": 1,
    "tests": 1,
    "passes": 1,
    "pending": 0,
    "failures": 0,
    "start": "2024-02-06T05:39:11.031Z",
    "end": "2024-02-06T05:39:19.093Z",
    "duration": 8062,
    "testsRegistered": 1,
    "passPercent": 100,
    "pendingPercent": 0,
    "other": 0,
    "hasOther": false,
    "skipped": 0,
    "hasSkipped": false
  },
  "results": [
    {
      "uuid": "5aa4009e-32d0-4359-9cbb-20392d0652a3",
      "title": "",
      "fullFile": "/home/fredric/code/cpp_practice/automation/appiums/4_basic_script_structure/tests/Click.js",
      "file": "/tests/Click.js",
      "beforeHooks": [],
      "afterHooks": [],
      "tests": [],
      "suites": [
        {
          "uuid": "866b93ea-e7fb-4adc-b581-1bafe39acd60",
          "title": "Learning WebdriverIO API",
          "fullFile": "/home/fredric/code/cpp_practice/automation/appiums/4_basic_script_structure/tests/Click.js",
          "file": "/tests/Click.js",
          "beforeHooks": [
            {
              "title": "\"before all\" hook in \"Learning WebdriverIO API\"",
              "fullTitle": "Learning WebdriverIO API \"before all\" hook in \"Learning WebdriverIO API\"",
              "timedOut": false,
              "duration": 5954,
              "state": null,
              "speed": null,
              "pass": false,
              "fail": false,
              "pending": false,
              "context": null,
              "code": "this.driver = await getDriver()\nthis.login_form = new LoginForm(this.driver)",
              "err": {},
              "uuid": "45d753da-9cc9-4714-a5ae-fc5a2693f566",
              "parentUUID": "866b93ea-e7fb-4adc-b581-1bafe39acd60",
              "isHook": true,
              "skipped": false
            }
          ],
          "afterHooks": [
            {
              "title": "\"after all\" hook in \"Learning WebdriverIO API\"",
              "fullTitle": "Learning WebdriverIO API \"after all\" hook in \"Learning WebdriverIO API\"",
              "timedOut": false,
              "duration": 1368,
              "state": null,
              "speed": null,
              "pass": false,
              "fail": false,
              "pending": false,
              "context": null,
              "code": "await releaseResource(this.driver)",
              "err": {},
              "uuid": "e93c4766-6ea8-499e-9dbc-9c1b79c36d61",
              "parentUUID": "866b93ea-e7fb-4adc-b581-1bafe39acd60",
              "isHook": true,
              "skipped": false
            }
          ],
          "tests": [
            {
              "title": "should click on Login Icon successfully",
              "fullTitle": "Learning WebdriverIO API should click on Login Icon successfully",
              "timedOut": false,
              "duration": 736,
              "state": "passed",
              "speed": "slow",
              "pass": true,
              "fail": false,
              "pending": false,
              "context": null,
              "code": "await this.login_form.go_to_login_page()",
              "err": {},
              "uuid": "21051d45-f7ca-47c1-a520-d509eb5cfdea",
              "parentUUID": "866b93ea-e7fb-4adc-b581-1bafe39acd60",
              "isHook": false,
              "skipped": false
            }
          ],
          "suites": [],
          "passes": [
            "21051d45-f7ca-47c1-a520-d509eb5cfdea"
          ],
          "failures": [],
          "pending": [],
          "skipped": [],
          "duration": 736,
          "root": false,
          "rootEmpty": false,
          "_timeout": 0
        }
      ],
      "passes": [],
      "failures": [],
      "pending": [],
      "skipped": [],
      "duration": 0,
      "root": true,
      "rootEmpty": true,
      "_timeout": 0
    }
  ],
  "meta": {
    "mocha": {
      "version": "8.4.0"
    },
    "mochawesome": {
      "options": {
        "quiet": false,
        "reportFilename": "mochawesome",
        "saveHtml": true,
        "saveJson": true,
        "consoleReporter": "spec",
        "useInlineDiffs": false,
        "code": true
      },
      "version": "7.1.3"
    },
    "marge": {
      "options": null,
      "version": "6.2.0"
    }
  }
}